[2026-06-09T13:35:13.794+0000] {manager.py:470} INFO - Processing files using up to 1 processes at a time 
[2026-06-09T13:35:13.796+0000] {manager.py:471} INFO - Process each file at most once every 30 seconds
[2026-06-09T13:35:13.797+0000] {manager.py:472} INFO - Checking for new files in /opt/airflow/dags every 300 seconds
[2026-06-09T13:35:13.798+0000] {manager.py:737} INFO - Searching for files in /opt/airflow/dags
[2026-06-09T13:35:14.289+0000] {manager.py:740} INFO - There are 1 files in /opt/airflow/dags
[2026-06-09T13:35:15.850+0000] {manager.py:878} INFO - 
================================================================================
DAG File Processing Stats

File Path                                 PID    Runtime      # DAGs    # Errors  Last Runtime    Last Run
----------------------------------------  -----  ---------  --------  ----------  --------------  -------------------
/opt/airflow/dags/open_meteo_pipeline.py                           1           0  1.21s           2026-06-09T13:35:15
================================================================================
[2026-06-09T13:35:47.168+0000] {manager.py:878} INFO - 
================================================================================
DAG File Processing Stats

File Path                                 PID    Runtime      # DAGs    # Errors  Last Runtime    Last Run
----------------------------------------  -----  ---------  --------  ----------  --------------  -------------------
/opt/airflow/dags/open_meteo_pipeline.py                           1           0  0.92s           2026-06-09T13:35:47
================================================================================
[2026-06-09T13:36:17.591+0000] {manager.py:878} INFO - 
================================================================================
DAG File Processing Stats

File Path                                 PID    Runtime      # DAGs    # Errors  Last Runtime    Last Run
----------------------------------------  -----  ---------  --------  ----------  --------------  -------------------
/opt/airflow/dags/open_meteo_pipeline.py                           1           0  0.31s           2026-06-09T13:36:17
================================================================================
[2026-06-09T13:36:48.612+0000] {manager.py:878} INFO - 
================================================================================
DAG File Processing Stats

File Path                                 PID    Runtime      # DAGs    # Errors  Last Runtime    Last Run
----------------------------------------  -----  ---------  --------  ----------  --------------  -------------------
/opt/airflow/dags/open_meteo_pipeline.py                           1           0  0.64s           2026-06-09T13:36:48
================================================================================
[2026-06-09T13:37:19.943+0000] {manager.py:878} INFO - 
================================================================================
DAG File Processing Stats

File Path                                 PID    Runtime      # DAGs    # Errors  Last Runtime    Last Run
----------------------------------------  -----  ---------  --------  ----------  --------------  -------------------
/opt/airflow/dags/open_meteo_pipeline.py                           1           0  0.22s           2026-06-09T13:37:19
================================================================================
[2026-06-09T13:37:50.539+0000] {manager.py:878} INFO - 
================================================================================
DAG File Processing Stats

File Path                                 PID    Runtime      # DAGs    # Errors  Last Runtime    Last Run
----------------------------------------  -----  ---------  --------  ----------  --------------  -------------------
/opt/airflow/dags/open_meteo_pipeline.py                           1           0  0.21s           2026-06-09T13:37:50
================================================================================
[2026-06-09T13:38:21.190+0000] {manager.py:878} INFO - 
================================================================================
DAG File Processing Stats

File Path                                 PID    Runtime      # DAGs    # Errors  Last Runtime    Last Run
----------------------------------------  -----  ---------  --------  ----------  --------------  -------------------
/opt/airflow/dags/open_meteo_pipeline.py                           1           0  0.21s           2026-06-09T13:38:21
================================================================================
[2026-06-09T13:38:51.871+0000] {manager.py:878} INFO - 
================================================================================
DAG File Processing Stats

File Path                                 PID    Runtime      # DAGs    # Errors  Last Runtime    Last Run
----------------------------------------  -----  ---------  --------  ----------  --------------  -------------------
/opt/airflow/dags/open_meteo_pipeline.py                           1           0  0.22s           2026-06-09T13:38:51
================================================================================
[2026-06-09T13:39:23.056+0000] {manager.py:878} INFO - 
================================================================================
DAG File Processing Stats

File Path                                 PID    Runtime      # DAGs    # Errors  Last Runtime    Last Run
----------------------------------------  -----  ---------  --------  ----------  --------------  -------------------
/opt/airflow/dags/open_meteo_pipeline.py                           1           0  0.21s           2026-06-09T13:39:23
================================================================================
[2026-06-09T13:39:54.222+0000] {manager.py:878} INFO - 
================================================================================
DAG File Processing Stats

File Path                                 PID    Runtime      # DAGs    # Errors  Last Runtime    Last Run
----------------------------------------  -----  ---------  --------  ----------  --------------  -------------------
/opt/airflow/dags/open_meteo_pipeline.py                           1           0  0.51s           2026-06-09T13:39:54
================================================================================
[2026-06-09T13:40:13.969+0000] {manager.py:737} INFO - Searching for files in /opt/airflow/dags
[2026-06-09T13:40:14.000+0000] {manager.py:740} INFO - There are 1 files in /opt/airflow/dags
[2026-06-09T13:40:24.733+0000] {manager.py:878} INFO - 
================================================================================
DAG File Processing Stats

File Path                                 PID    Runtime      # DAGs    # Errors  Last Runtime    Last Run
----------------------------------------  -----  ---------  --------  ----------  --------------  -------------------
/opt/airflow/dags/open_meteo_pipeline.py                           1           0  0.31s           2026-06-09T13:40:24
================================================================================
[2026-06-09T13:40:55.268+0000] {manager.py:878} INFO - 
================================================================================
DAG File Processing Stats

File Path                                 PID    Runtime      # DAGs    # Errors  Last Runtime    Last Run
----------------------------------------  -----  ---------  --------  ----------  --------------  -------------------
/opt/airflow/dags/open_meteo_pipeline.py                           1           0  0.21s           2026-06-09T13:40:55
================================================================================
[2026-06-09T13:41:38.852+0000] {manager.py:470} INFO - Processing files using up to 1 processes at a time 
[2026-06-09T13:41:38.853+0000] {manager.py:471} INFO - Process each file at most once every 30 seconds
[2026-06-09T13:41:38.854+0000] {manager.py:472} INFO - Checking for new files in /opt/airflow/dags every 300 seconds
[2026-06-09T13:41:38.855+0000] {manager.py:737} INFO - Searching for files in /opt/airflow/dags
[2026-06-09T13:41:38.883+0000] {manager.py:740} INFO - There are 1 files in /opt/airflow/dags
[2026-06-09T13:41:39.672+0000] {manager.py:878} INFO - 
================================================================================
DAG File Processing Stats

File Path                                 PID    Runtime      # DAGs    # Errors  Last Runtime    Last Run
----------------------------------------  -----  ---------  --------  ----------  --------------  -------------------
/opt/airflow/dags/open_meteo_pipeline.py                           1           0  0.61s           2026-06-09T13:41:39
================================================================================
[2026-06-09T13:42:11.014+0000] {manager.py:878} INFO - 
================================================================================
DAG File Processing Stats

File Path                                 PID    Runtime      # DAGs    # Errors  Last Runtime    Last Run
----------------------------------------  -----  ---------  --------  ----------  --------------  -------------------
/opt/airflow/dags/open_meteo_pipeline.py                           1           0  0.31s           2026-06-09T13:42:11
================================================================================
[2026-06-09T13:42:41.795+0000] {manager.py:878} INFO - 
================================================================================
DAG File Processing Stats

File Path                                 PID    Runtime      # DAGs    # Errors  Last Runtime    Last Run
----------------------------------------  -----  ---------  --------  ----------  --------------  -------------------
/opt/airflow/dags/open_meteo_pipeline.py                           1           0  0.31s           2026-06-09T13:42:41
================================================================================
[2026-06-09T13:43:12.690+0000] {manager.py:878} INFO - 
================================================================================
DAG File Processing Stats

File Path                                 PID    Runtime      # DAGs    # Errors  Last Runtime    Last Run
----------------------------------------  -----  ---------  --------  ----------  --------------  -------------------
/opt/airflow/dags/open_meteo_pipeline.py                           1           0  0.31s           2026-06-09T13:43:12
================================================================================
[2026-06-09T13:43:43.476+0000] {manager.py:878} INFO - 
================================================================================
DAG File Processing Stats

File Path                                 PID    Runtime      # DAGs    # Errors  Last Runtime    Last Run
----------------------------------------  -----  ---------  --------  ----------  --------------  -------------------
/opt/airflow/dags/open_meteo_pipeline.py                           1           0  0.21s           2026-06-09T13:43:43
================================================================================
[2026-06-09T13:44:15.100+0000] {manager.py:878} INFO - 
================================================================================
DAG File Processing Stats

File Path                                 PID    Runtime      # DAGs    # Errors  Last Runtime    Last Run
----------------------------------------  -----  ---------  --------  ----------  --------------  -------------------
/opt/airflow/dags/open_meteo_pipeline.py                           1           0  0.93s           2026-06-09T13:44:15
================================================================================
[2026-06-09T13:44:45.565+0000] {manager.py:878} INFO - 
================================================================================
DAG File Processing Stats

File Path                                 PID    Runtime      # DAGs    # Errors  Last Runtime    Last Run
----------------------------------------  -----  ---------  --------  ----------  --------------  -------------------
/opt/airflow/dags/open_meteo_pipeline.py                           1           0  0.42s           2026-06-09T13:44:45
================================================================================
[2026-06-09T13:45:16.199+0000] {manager.py:878} INFO - 
================================================================================
DAG File Processing Stats

File Path                                 PID    Runtime      # DAGs    # Errors  Last Runtime    Last Run
----------------------------------------  -----  ---------  --------  ----------  --------------  -------------------
/opt/airflow/dags/open_meteo_pipeline.py                           1           0  0.32s           2026-06-09T13:45:16
================================================================================
[2026-06-09T13:45:47.914+0000] {manager.py:878} INFO - 
================================================================================
DAG File Processing Stats

File Path                                 PID    Runtime      # DAGs    # Errors  Last Runtime    Last Run
----------------------------------------  -----  ---------  --------  ----------  --------------  -------------------
/opt/airflow/dags/open_meteo_pipeline.py                           1           0  0.33s           2026-06-09T13:45:47
================================================================================
[2026-06-09T13:46:19.187+0000] {manager.py:878} INFO - 
================================================================================
DAG File Processing Stats

File Path                                 PID    Runtime      # DAGs    # Errors  Last Runtime    Last Run
----------------------------------------  -----  ---------  --------  ----------  --------------  -------------------
/opt/airflow/dags/open_meteo_pipeline.py                           1           0  0.76s           2026-06-09T13:46:19
================================================================================
[2026-06-09T13:46:39.273+0000] {manager.py:737} INFO - Searching for files in /opt/airflow/dags
[2026-06-09T13:46:39.461+0000] {manager.py:740} INFO - There are 1 files in /opt/airflow/dags
[2026-06-09T13:46:50.182+0000] {manager.py:878} INFO - 
================================================================================
DAG File Processing Stats

File Path                                 PID    Runtime      # DAGs    # Errors  Last Runtime    Last Run
----------------------------------------  -----  ---------  --------  ----------  --------------  -------------------
/opt/airflow/dags/open_meteo_pipeline.py                           1           0  0.83s           2026-06-09T13:46:50
================================================================================
[2026-06-09T13:47:21.444+0000] {manager.py:878} INFO - 
================================================================================
DAG File Processing Stats

File Path                                 PID    Runtime      # DAGs    # Errors  Last Runtime    Last Run
----------------------------------------  -----  ---------  --------  ----------  --------------  -------------------
/opt/airflow/dags/open_meteo_pipeline.py                           1           0  0.22s           2026-06-09T13:47:21
================================================================================
[2026-06-09T13:51:04.833+0000] {manager.py:470} INFO - Processing files using up to 1 processes at a time 
[2026-06-09T13:51:04.834+0000] {manager.py:471} INFO - Process each file at most once every 30 seconds
[2026-06-09T13:51:04.836+0000] {manager.py:472} INFO - Checking for new files in /opt/airflow/dags every 300 seconds
[2026-06-09T13:51:04.837+0000] {manager.py:737} INFO - Searching for files in /opt/airflow/dags
[2026-06-09T13:51:04.862+0000] {manager.py:740} INFO - There are 1 files in /opt/airflow/dags
[2026-06-09T13:51:05.650+0000] {manager.py:878} INFO - 
================================================================================
DAG File Processing Stats

File Path                                 PID    Runtime      # DAGs    # Errors  Last Runtime    Last Run
----------------------------------------  -----  ---------  --------  ----------  --------------  -------------------
/opt/airflow/dags/open_meteo_pipeline.py                           1           0  0.55s           2026-06-09T13:51:05
================================================================================
[2026-06-09T13:51:36.083+0000] {manager.py:878} INFO - 
================================================================================
DAG File Processing Stats

File Path                                 PID    Runtime      # DAGs    # Errors  Last Runtime    Last Run
----------------------------------------  -----  ---------  --------  ----------  --------------  -------------------
/opt/airflow/dags/open_meteo_pipeline.py                           1           0  0.31s           2026-06-09T13:51:36
================================================================================
[2026-06-09T13:52:06.456+0000] {manager.py:878} INFO - 
================================================================================
DAG File Processing Stats

File Path                                 PID    Runtime      # DAGs    # Errors  Last Runtime    Last Run
----------------------------------------  -----  ---------  --------  ----------  --------------  -------------------
/opt/airflow/dags/open_meteo_pipeline.py                           1           0  0.21s           2026-06-09T13:52:06
================================================================================
[2026-06-09T13:52:37.719+0000] {manager.py:878} INFO - 
================================================================================
DAG File Processing Stats

File Path                                 PID    Runtime      # DAGs    # Errors  Last Runtime    Last Run
----------------------------------------  -----  ---------  --------  ----------  --------------  -------------------
/opt/airflow/dags/open_meteo_pipeline.py                           1           0  0.31s           2026-06-09T13:52:37
================================================================================
[2026-06-09T13:53:08.680+0000] {manager.py:878} INFO - 
================================================================================
DAG File Processing Stats

File Path                                 PID    Runtime      # DAGs    # Errors  Last Runtime    Last Run
----------------------------------------  -----  ---------  --------  ----------  --------------  -------------------
/opt/airflow/dags/open_meteo_pipeline.py                           1           0  0.22s           2026-06-09T13:53:08
================================================================================
[2026-06-09T13:53:40.691+0000] {manager.py:878} INFO - 
================================================================================
DAG File Processing Stats

File Path                                 PID    Runtime      # DAGs    # Errors  Last Runtime    Last Run
----------------------------------------  -----  ---------  --------  ----------  --------------  -------------------
/opt/airflow/dags/open_meteo_pipeline.py                           1           0  1.39s           2026-06-09T13:53:40
================================================================================
[2026-06-09T13:54:11.526+0000] {manager.py:878} INFO - 
================================================================================
DAG File Processing Stats

File Path                                 PID    Runtime      # DAGs    # Errors  Last Runtime    Last Run
----------------------------------------  -----  ---------  --------  ----------  --------------  -------------------
/opt/airflow/dags/open_meteo_pipeline.py                           1           0  0.32s           2026-06-09T13:54:11
================================================================================
[2026-06-09T13:54:42.160+0000] {manager.py:878} INFO - 
================================================================================
DAG File Processing Stats

File Path                                 PID    Runtime      # DAGs    # Errors  Last Runtime    Last Run
----------------------------------------  -----  ---------  --------  ----------  --------------  -------------------
/opt/airflow/dags/open_meteo_pipeline.py                           1           0  0.31s           2026-06-09T13:54:42
================================================================================
[2026-06-09T13:55:12.967+0000] {manager.py:878} INFO - 
================================================================================
DAG File Processing Stats

File Path                                 PID    Runtime      # DAGs    # Errors  Last Runtime    Last Run
----------------------------------------  -----  ---------  --------  ----------  --------------  -------------------
/opt/airflow/dags/open_meteo_pipeline.py                           1           0  0.22s           2026-06-09T13:55:12
================================================================================
[2026-06-09T13:55:44.896+0000] {manager.py:470} INFO - Processing files using up to 1 processes at a time 
[2026-06-09T13:55:44.897+0000] {manager.py:471} INFO - Process each file at most once every 30 seconds
[2026-06-09T13:55:44.898+0000] {manager.py:472} INFO - Checking for new files in /opt/airflow/dags every 300 seconds
[2026-06-09T13:55:44.899+0000] {manager.py:737} INFO - Searching for files in /opt/airflow/dags
[2026-06-09T13:55:44.929+0000] {manager.py:740} INFO - There are 1 files in /opt/airflow/dags
[2026-06-09T13:55:45.677+0000] {manager.py:878} INFO - 
================================================================================
DAG File Processing Stats

File Path                                 PID    Runtime      # DAGs    # Errors  Last Runtime    Last Run
----------------------------------------  -----  ---------  --------  ----------  --------------  -------------------
/opt/airflow/dags/open_meteo_pipeline.py                           1           0  0.54s           2026-06-09T13:55:45
================================================================================
[2026-06-09T13:56:16.547+0000] {manager.py:878} INFO - 
================================================================================
DAG File Processing Stats

File Path                                 PID    Runtime      # DAGs    # Errors  Last Runtime    Last Run
----------------------------------------  -----  ---------  --------  ----------  --------------  -------------------
/opt/airflow/dags/open_meteo_pipeline.py                           1           0  0.31s           2026-06-09T13:56:16
================================================================================
[2026-06-09T13:56:47.776+0000] {manager.py:878} INFO - 
================================================================================
DAG File Processing Stats

File Path                                 PID    Runtime      # DAGs    # Errors  Last Runtime    Last Run
----------------------------------------  -----  ---------  --------  ----------  --------------  -------------------
/opt/airflow/dags/open_meteo_pipeline.py                           1           0  0.31s           2026-06-09T13:56:47
================================================================================
[2026-06-09T13:57:18.966+0000] {manager.py:878} INFO - 
================================================================================
DAG File Processing Stats

File Path                                 PID    Runtime      # DAGs    # Errors  Last Runtime    Last Run
----------------------------------------  -----  ---------  --------  ----------  --------------  -------------------
/opt/airflow/dags/open_meteo_pipeline.py                           1           0  0.31s           2026-06-09T13:57:18
================================================================================
[2026-06-09T13:57:50.693+0000] {manager.py:878} INFO - 
================================================================================
DAG File Processing Stats

File Path                                 PID    Runtime      # DAGs    # Errors  Last Runtime    Last Run
----------------------------------------  -----  ---------  --------  ----------  --------------  -------------------
/opt/airflow/dags/open_meteo_pipeline.py                           1           0  0.93s           2026-06-09T13:57:50
================================================================================
[2026-06-09T13:58:21.605+0000] {manager.py:878} INFO - 
================================================================================
DAG File Processing Stats

File Path                                 PID    Runtime      # DAGs    # Errors  Last Runtime    Last Run
----------------------------------------  -----  ---------  --------  ----------  --------------  -------------------
/opt/airflow/dags/open_meteo_pipeline.py                           1           0  0.64s           2026-06-09T13:58:21
================================================================================
[2026-06-09T13:58:52.732+0000] {manager.py:878} INFO - 
================================================================================
DAG File Processing Stats

File Path                                 PID    Runtime      # DAGs    # Errors  Last Runtime    Last Run
----------------------------------------  -----  ---------  --------  ----------  --------------  -------------------
/opt/airflow/dags/open_meteo_pipeline.py                           1           0  0.32s           2026-06-09T13:58:52
================================================================================
[2026-06-09T13:59:23.437+0000] {manager.py:878} INFO - 
================================================================================
DAG File Processing Stats

File Path                                 PID    Runtime      # DAGs    # Errors  Last Runtime    Last Run
----------------------------------------  -----  ---------  --------  ----------  --------------  -------------------
/opt/airflow/dags/open_meteo_pipeline.py                           1           0  0.42s           2026-06-09T13:59:23
================================================================================
[2026-06-09T13:59:54.005+0000] {manager.py:878} INFO - 
================================================================================
DAG File Processing Stats

File Path                                 PID    Runtime      # DAGs    # Errors  Last Runtime    Last Run
----------------------------------------  -----  ---------  --------  ----------  --------------  -------------------
/opt/airflow/dags/open_meteo_pipeline.py                           1           0  0.33s           2026-06-09T13:59:54
================================================================================
[2026-06-09T14:00:24.723+0000] {manager.py:878} INFO - 
================================================================================
DAG File Processing Stats

File Path                                 PID    Runtime      # DAGs    # Errors  Last Runtime    Last Run
----------------------------------------  -----  ---------  --------  ----------  --------------  -------------------
/opt/airflow/dags/open_meteo_pipeline.py                           1           0  0.45s           2026-06-09T14:00:24
================================================================================
[2026-06-09T14:00:44.979+0000] {manager.py:737} INFO - Searching for files in /opt/airflow/dags
[2026-06-09T14:00:45.016+0000] {manager.py:740} INFO - There are 1 files in /opt/airflow/dags
[2026-06-09T14:00:55.244+0000] {manager.py:878} INFO - 
================================================================================
DAG File Processing Stats

File Path                                 PID    Runtime      # DAGs    # Errors  Last Runtime    Last Run
----------------------------------------  -----  ---------  --------  ----------  --------------  -------------------
/opt/airflow/dags/open_meteo_pipeline.py                           1           0  0.33s           2026-06-09T14:00:55
================================================================================
[2026-06-09T14:01:26.006+0000] {manager.py:878} INFO - 
================================================================================
DAG File Processing Stats

File Path                                 PID    Runtime      # DAGs    # Errors  Last Runtime    Last Run
----------------------------------------  -----  ---------  --------  ----------  --------------  -------------------
/opt/airflow/dags/open_meteo_pipeline.py                           1           0  0.21s           2026-06-09T14:01:26
================================================================================
[2026-06-09T14:02:10.436+0000] {manager.py:878} INFO - 
================================================================================
DAG File Processing Stats

File Path                                 PID    Runtime      # DAGs    # Errors  Last Runtime    Last Run
----------------------------------------  -----  ---------  --------  ----------  --------------  -------------------
/opt/airflow/dags/open_meteo_pipeline.py                           1           0  0.21s           2026-06-09T14:02:10
================================================================================
[2026-06-09T14:02:41.745+0000] {manager.py:878} INFO - 
================================================================================
DAG File Processing Stats

File Path                                 PID    Runtime      # DAGs    # Errors  Last Runtime    Last Run
----------------------------------------  -----  ---------  --------  ----------  --------------  -------------------
/opt/airflow/dags/open_meteo_pipeline.py                           1           0  0.31s           2026-06-09T14:02:41
================================================================================
[2026-06-09T14:03:13.024+0000] {manager.py:878} INFO - 
================================================================================
DAG File Processing Stats

File Path                                 PID    Runtime      # DAGs    # Errors  Last Runtime    Last Run
----------------------------------------  -----  ---------  --------  ----------  --------------  -------------------
/opt/airflow/dags/open_meteo_pipeline.py                           1           0  0.31s           2026-06-09T14:03:13
================================================================================
[2026-06-09T14:03:44.152+0000] {manager.py:878} INFO - 
================================================================================
DAG File Processing Stats

File Path                                 PID    Runtime      # DAGs    # Errors  Last Runtime    Last Run
----------------------------------------  -----  ---------  --------  ----------  --------------  -------------------
/opt/airflow/dags/open_meteo_pipeline.py                           1           0  0.21s           2026-06-09T14:03:44
================================================================================
[2026-06-09T14:04:14.856+0000] {manager.py:878} INFO - 
================================================================================
DAG File Processing Stats

File Path                                 PID    Runtime      # DAGs    # Errors  Last Runtime    Last Run
----------------------------------------  -----  ---------  --------  ----------  --------------  -------------------
/opt/airflow/dags/open_meteo_pipeline.py                           1           0  0.31s           2026-06-09T14:04:14
================================================================================
[2026-06-09T14:04:46.165+0000] {manager.py:878} INFO - 
================================================================================
DAG File Processing Stats

File Path                                 PID    Runtime      # DAGs    # Errors  Last Runtime    Last Run
----------------------------------------  -----  ---------  --------  ----------  --------------  -------------------
/opt/airflow/dags/open_meteo_pipeline.py                           1           0  0.21s           2026-06-09T14:04:46
================================================================================
[2026-06-09T14:05:17.997+0000] {manager.py:878} INFO - 
================================================================================
DAG File Processing Stats

File Path                                 PID    Runtime      # DAGs    # Errors  Last Runtime    Last Run
----------------------------------------  -----  ---------  --------  ----------  --------------  -------------------
/opt/airflow/dags/open_meteo_pipeline.py                           1           0  1.41s           2026-06-09T14:05:17
================================================================================
[2026-06-09T14:05:45.004+0000] {manager.py:737} INFO - Searching for files in /opt/airflow/dags
[2026-06-09T14:05:45.062+0000] {manager.py:740} INFO - There are 1 files in /opt/airflow/dags
[2026-06-09T14:05:48.520+0000] {manager.py:878} INFO - 
================================================================================
DAG File Processing Stats

File Path                                 PID    Runtime      # DAGs    # Errors  Last Runtime    Last Run
----------------------------------------  -----  ---------  --------  ----------  --------------  -------------------
/opt/airflow/dags/open_meteo_pipeline.py                           1           0  0.31s           2026-06-09T14:05:48
================================================================================
[2026-06-09T14:06:26.878+0000] {manager.py:878} INFO - 
================================================================================
DAG File Processing Stats

File Path                                 PID    Runtime      # DAGs    # Errors  Last Runtime    Last Run
----------------------------------------  -----  ---------  --------  ----------  --------------  -------------------
/opt/airflow/dags/open_meteo_pipeline.py                           1           0  6.92s           2026-06-09T14:06:26
================================================================================
[2026-06-09T14:06:57.531+0000] {manager.py:878} INFO - 
================================================================================
DAG File Processing Stats

File Path                                 PID    Runtime      # DAGs    # Errors  Last Runtime    Last Run
----------------------------------------  -----  ---------  --------  ----------  --------------  -------------------
/opt/airflow/dags/open_meteo_pipeline.py                           1           0  0.43s           2026-06-09T14:06:57
================================================================================
[2026-06-09T14:07:28.128+0000] {manager.py:878} INFO - 
================================================================================
DAG File Processing Stats

File Path                                 PID    Runtime      # DAGs    # Errors  Last Runtime    Last Run
----------------------------------------  -----  ---------  --------  ----------  --------------  -------------------
/opt/airflow/dags/open_meteo_pipeline.py                           1           0  0.44s           2026-06-09T14:07:28
================================================================================
[2026-06-09T14:07:58.707+0000] {manager.py:878} INFO - 
================================================================================
DAG File Processing Stats

File Path                                 PID    Runtime      # DAGs    # Errors  Last Runtime    Last Run
----------------------------------------  -----  ---------  --------  ----------  --------------  -------------------
/opt/airflow/dags/open_meteo_pipeline.py                           1           0  0.54s           2026-06-09T14:07:58
================================================================================
[2026-06-09T14:08:28.616+0000] {manager.py:878} INFO - 
================================================================================
DAG File Processing Stats

File Path                                 PID    Runtime      # DAGs    # Errors  Last Runtime    Last Run
----------------------------------------  -----  ---------  --------  ----------  --------------  -------------------
/opt/airflow/dags/open_meteo_pipeline.py                           1           0  0.54s           2026-06-09T14:07:58
================================================================================
[2026-06-09T14:08:59.752+0000] {manager.py:878} INFO - 
================================================================================
DAG File Processing Stats

File Path                                 PID    Runtime      # DAGs    # Errors  Last Runtime    Last Run
----------------------------------------  -----  ---------  --------  ----------  --------------  -------------------
/opt/airflow/dags/open_meteo_pipeline.py                           1           0  0.33s           2026-06-09T14:08:59
================================================================================
[2026-06-09T14:09:30.313+0000] {manager.py:878} INFO - 
================================================================================
DAG File Processing Stats

File Path                                 PID    Runtime      # DAGs    # Errors  Last Runtime    Last Run
----------------------------------------  -----  ---------  --------  ----------  --------------  -------------------
/opt/airflow/dags/open_meteo_pipeline.py                           1           0  0.33s           2026-06-09T14:09:30
================================================================================
[2026-06-09T14:10:01.316+0000] {manager.py:878} INFO - 
================================================================================
DAG File Processing Stats

File Path                                 PID    Runtime      # DAGs    # Errors  Last Runtime    Last Run
----------------------------------------  -----  ---------  --------  ----------  --------------  -------------------
/opt/airflow/dags/open_meteo_pipeline.py                           1           0  0.76s           2026-06-09T14:10:01
================================================================================
[2026-06-09T14:10:31.832+0000] {manager.py:878} INFO - 
================================================================================
DAG File Processing Stats

File Path                                 PID    Runtime      # DAGs    # Errors  Last Runtime    Last Run
----------------------------------------  -----  ---------  --------  ----------  --------------  -------------------
/opt/airflow/dags/open_meteo_pipeline.py                           1           0  0.31s           2026-06-09T14:10:31
================================================================================
[2026-06-09T14:10:45.255+0000] {manager.py:737} INFO - Searching for files in /opt/airflow/dags
[2026-06-09T14:10:45.319+0000] {manager.py:740} INFO - There are 1 files in /opt/airflow/dags
[2026-06-09T14:11:02.302+0000] {manager.py:878} INFO - 
================================================================================
DAG File Processing Stats

File Path                                 PID    Runtime      # DAGs    # Errors  Last Runtime    Last Run
----------------------------------------  -----  ---------  --------  ----------  --------------  -------------------
/opt/airflow/dags/open_meteo_pipeline.py                           1           0  0.32s           2026-06-09T14:11:02
================================================================================
[2026-06-09T14:11:32.973+0000] {manager.py:878} INFO - 
================================================================================
DAG File Processing Stats

File Path                                 PID    Runtime      # DAGs    # Errors  Last Runtime    Last Run
----------------------------------------  -----  ---------  --------  ----------  --------------  -------------------
/opt/airflow/dags/open_meteo_pipeline.py                           1           0  0.62s           2026-06-09T14:11:32
================================================================================
[2026-06-09T14:12:09.290+0000] {manager.py:878} INFO - 
================================================================================
DAG File Processing Stats

File Path                                 PID    Runtime      # DAGs    # Errors  Last Runtime    Last Run
----------------------------------------  -----  ---------  --------  ----------  --------------  -------------------
/opt/airflow/dags/open_meteo_pipeline.py                           1           0  4.40s           2026-06-09T14:12:09
================================================================================
[2026-06-09T14:12:40.322+0000] {manager.py:878} INFO - 
================================================================================
DAG File Processing Stats

File Path                                 PID    Runtime      # DAGs    # Errors  Last Runtime    Last Run
----------------------------------------  -----  ---------  --------  ----------  --------------  -------------------
/opt/airflow/dags/open_meteo_pipeline.py                           1           0  0.53s           2026-06-09T14:12:40
================================================================================
[2026-06-09T14:13:11.197+0000] {manager.py:878} INFO - 
================================================================================
DAG File Processing Stats

File Path                                 PID    Runtime      # DAGs    # Errors  Last Runtime    Last Run
----------------------------------------  -----  ---------  --------  ----------  --------------  -------------------
/opt/airflow/dags/open_meteo_pipeline.py                           1           0  0.62s           2026-06-09T14:13:11
================================================================================
[2026-06-09T14:13:42.207+0000] {manager.py:878} INFO - 
================================================================================
DAG File Processing Stats

File Path                                 PID    Runtime      # DAGs    # Errors  Last Runtime    Last Run
----------------------------------------  -----  ---------  --------  ----------  --------------  -------------------
/opt/airflow/dags/open_meteo_pipeline.py                           1           0  0.52s           2026-06-09T14:13:42
================================================================================
[2026-06-09T14:14:12.827+0000] {manager.py:878} INFO - 
================================================================================
DAG File Processing Stats

File Path                                 PID    Runtime      # DAGs    # Errors  Last Runtime    Last Run
----------------------------------------  -----  ---------  --------  ----------  --------------  -------------------
/opt/airflow/dags/open_meteo_pipeline.py                           1           0  0.32s           2026-06-09T14:14:12
================================================================================
[2026-06-09T14:14:42.235+0000] {manager.py:878} INFO - 
================================================================================
DAG File Processing Stats

File Path                                 PID    Runtime      # DAGs    # Errors  Last Runtime    Last Run
----------------------------------------  -----  ---------  --------  ----------  --------------  -------------------
/opt/airflow/dags/open_meteo_pipeline.py                           1           0  0.32s           2026-06-09T14:14:12
================================================================================
[2026-06-09T14:15:12.492+0000] {manager.py:878} INFO - 
================================================================================
DAG File Processing Stats

File Path                                 PID    Runtime      # DAGs    # Errors  Last Runtime    Last Run
----------------------------------------  -----  ---------  --------  ----------  --------------  -------------------
/opt/airflow/dags/open_meteo_pipeline.py                           1           0  0.33s           2026-06-09T14:14:44
================================================================================
[2026-06-09T14:15:42.762+0000] {manager.py:878} INFO - 
================================================================================
DAG File Processing Stats

File Path                                 PID    Runtime      # DAGs    # Errors  Last Runtime    Last Run
----------------------------------------  -----  ---------  --------  ----------  --------------  -------------------
/opt/airflow/dags/open_meteo_pipeline.py                           1           0  0.42s           2026-06-09T14:15:15
================================================================================
[2026-06-09T14:15:46.419+0000] {manager.py:737} INFO - Searching for files in /opt/airflow/dags
[2026-06-09T14:15:46.455+0000] {manager.py:740} INFO - There are 1 files in /opt/airflow/dags
[2026-06-09T14:16:13.041+0000] {manager.py:878} INFO - 
================================================================================
DAG File Processing Stats

File Path                                 PID    Runtime      # DAGs    # Errors  Last Runtime    Last Run
----------------------------------------  -----  ---------  --------  ----------  --------------  -------------------
/opt/airflow/dags/open_meteo_pipeline.py                           1           0  0.34s           2026-06-09T14:15:46
================================================================================
[2026-06-09T14:16:43.227+0000] {manager.py:878} INFO - 
================================================================================
DAG File Processing Stats

File Path                                 PID    Runtime      # DAGs    # Errors  Last Runtime    Last Run
----------------------------------------  -----  ---------  --------  ----------  --------------  -------------------
/opt/airflow/dags/open_meteo_pipeline.py                           1           0  0.31s           2026-06-09T14:16:17
================================================================================
[2026-06-09T14:17:13.403+0000] {manager.py:878} INFO - 
================================================================================
DAG File Processing Stats

File Path                                 PID    Runtime      # DAGs    # Errors  Last Runtime    Last Run
----------------------------------------  -----  ---------  --------  ----------  --------------  -------------------
/opt/airflow/dags/open_meteo_pipeline.py                           1           0  0.41s           2026-06-09T14:16:48
================================================================================
[2026-06-09T14:17:43.607+0000] {manager.py:878} INFO - 
================================================================================
DAG File Processing Stats

File Path                                 PID    Runtime      # DAGs    # Errors  Last Runtime    Last Run
----------------------------------------  -----  ---------  --------  ----------  --------------  -------------------
/opt/airflow/dags/open_meteo_pipeline.py                           1           0  0.42s           2026-06-09T14:17:19
================================================================================
[2026-06-09T14:18:13.807+0000] {manager.py:878} INFO - 
================================================================================
DAG File Processing Stats

File Path                                 PID    Runtime      # DAGs    # Errors  Last Runtime    Last Run
----------------------------------------  -----  ---------  --------  ----------  --------------  -------------------
/opt/airflow/dags/open_meteo_pipeline.py                           1           0  0.98s           2026-06-09T14:17:50
================================================================================
[2026-06-09T14:18:43.994+0000] {manager.py:878} INFO - 
================================================================================
DAG File Processing Stats

File Path                                 PID    Runtime      # DAGs    # Errors  Last Runtime    Last Run
----------------------------------------  -----  ---------  --------  ----------  --------------  -------------------
/opt/airflow/dags/open_meteo_pipeline.py                           1           0  0.28s           2026-06-09T14:18:21
================================================================================
[2026-06-09T14:19:14.103+0000] {manager.py:878} INFO - 
================================================================================
DAG File Processing Stats

File Path                                 PID    Runtime      # DAGs    # Errors  Last Runtime    Last Run
----------------------------------------  -----  ---------  --------  ----------  --------------  -------------------
/opt/airflow/dags/open_meteo_pipeline.py                           1           0  0.31s           2026-06-09T14:18:52
================================================================================
[2026-06-09T14:19:44.191+0000] {manager.py:878} INFO - 
================================================================================
DAG File Processing Stats

File Path                                 PID    Runtime      # DAGs    # Errors  Last Runtime    Last Run
----------------------------------------  -----  ---------  --------  ----------  --------------  -------------------
/opt/airflow/dags/open_meteo_pipeline.py                           1           0  0.21s           2026-06-09T14:19:22
================================================================================
[2026-06-09T14:20:14.401+0000] {manager.py:878} INFO - 
================================================================================
DAG File Processing Stats

File Path                                 PID    Runtime      # DAGs    # Errors  Last Runtime    Last Run
----------------------------------------  -----  ---------  --------  ----------  --------------  -------------------
/opt/airflow/dags/open_meteo_pipeline.py                           1           0  0.21s           2026-06-09T14:19:53
================================================================================
